<?xml version="1.0" encoding="UTF-8"?>
<!-- Generated by org.testng.reporters.JUnitReportReporter -->
<testsuite hostname="DESKTOP-OURD1IQ" name="controllertest.controllertest" tests="1" failures="0" timestamp="1 Jun 2017 14:18:21 GMT" time="0.023" errors="0">
  <testcase name="testlistborrow" time="0.023" classname="controllertest.controllertest"/>
</testsuite> <!-- controllertest.controllertest -->
